#
# There is insufficient memory for the Java Runtime Environment to continue.
# Native memory allocation (malloc) failed to allocate 1811408 bytes for Chunk::new
# Possible reasons:
#   The system is out of physical RAM or swap space
#   The process is running with CompressedOops enabled, and the Java Heap may be blocking the growth of the native heap
# Possible solutions:
#   Reduce memory load on the system
#   Increase physical memory or swap space
#   Check if swap backing store is full
#   Decrease Java heap size (-Xmx/-Xms)
#   Decrease number of Java threads
#   Decrease Java thread stack sizes (-Xss)
#   Set larger code cache with -XX:ReservedCodeCacheSize=
#   JVM is running with Zero Based Compressed Oops mode in which the Java heap is
#     placed in the first 32GB address space. The Java Heap base address is the
#     maximum limit for the native heap growth. Please use -XX:HeapBaseMinAddress
#     to set the Java Heap base and to place the Java Heap above 32GB virtual address.
# This output file may be truncated or incomplete.
#
#  Out of Memory Error (arena.cpp:191), pid=26640, tid=25004
#
# JRE version: OpenJDK Runtime Environment (17.0.9) (build 17.0.9+0--11185874)
# Java VM: OpenJDK 64-Bit Server VM (17.0.9+0--11185874, mixed mode, tiered, compressed oops, compressed class ptrs, g1 gc, windows-amd64)
# No core dump will be written. Minidumps are not enabled by default on client versions of Windows
#

---------------  S U M M A R Y ------------

Command Line: org.jetbrains.kotlin.cli.jvm.K2JVMCompiler @C:\Users\Xiao\AndroidStudioProjects\app\app\build\20241019_17044406878796390507.compiler.options

Host: 12th Gen Intel(R) Core(TM) i7-12700H, 20 cores, 15G,  Windows 11 , 64 bit Build 22621 (10.0.22621.3958)
Time: Sat Oct 19 23:11:07 2024  Windows 11 , 64 bit Build 22621 (10.0.22621.3958) elapsed time: 7.917538 seconds (0d 0h 0m 7s)

---------------  T H R E A D  ---------------

Current thread (0x0000027e2b5ea350):  JavaThread "C2 CompilerThread6" daemon [_thread_in_native, id=25004, stack(0x00000083aa600000,0x00000083aa700000)]


Current CompileTask:
C2:   7917 12065       4       org.jetbrains.kotlin.types.checker.NewCapturedTypeKt::captureArguments (659 bytes)

Stack: [0x00000083aa600000,0x00000083aa700000]
Native frames: (J=compiled Java code, j=interpreted, Vv=VM code, C=native code)
V  [jvm.dll+0x6886e9]
V  [jvm.dll+0x841e4a]
V  [jvm.dll+0x843a8e]
V  [jvm.dll+0x8440f3]
V  [jvm.dll+0x24c14f]
V  [jvm.dll+0xac44c]
V  [jvm.dll+0xaca9c]
V  [jvm.dll+0x36c1f7]
V  [jvm.dll+0x1be6a2]
V  [jvm.dll+0x21df09]
V  [jvm.dll+0x21d1d1]
V  [jvm.dll+0x1a674d]
V  [jvm.dll+0x22d088]
V  [jvm.dll+0x22b1c0]
V  [jvm.dll+0x7f62f7]
V  [jvm.dll+0x7f06aa]
V  [jvm.dll+0x687565]
C  [ucrtbase.dll+0x29333]
C  [KERNEL32.DLL+0x1257d]
C  [ntdll.dll+0x5af08]


---------------  P R O C E S S  ---------------

Threads class SMR info:
_java_thread_list=0x0000027e2bddf610, length=22, elements={
0x0000027e03f327f0, 0x0000027e231125f0, 0x0000027e23113470, 0x0000027e2372ec70,
0x0000027e23730650, 0x0000027e23731010, 0x0000027e23731be0, 0x0000027e23761830,
0x0000027e237622e0, 0x0000027e2376cd00, 0x0000027e238d7b90, 0x0000027e238da0c0,
0x0000027e238e4a50, 0x0000027e239076b0, 0x0000027e23997ab0, 0x0000027e28264b40,
0x0000027e28558e80, 0x0000027e29c5a8b0, 0x0000027e2b0e5780, 0x0000027e2b31ba80,
0x0000027e2b5ea350, 0x0000027e2b5eb890
}

Java Threads: ( => current thread )
  0x0000027e03f327f0 JavaThread "main" [_thread_in_Java, id=34392, stack(0x00000083a7a00000,0x00000083a7b00000)]
  0x0000027e231125f0 JavaThread "Reference Handler" daemon [_thread_blocked, id=25380, stack(0x00000083a8100000,0x00000083a8200000)]
  0x0000027e23113470 JavaThread "Finalizer" daemon [_thread_blocked, id=22376, stack(0x00000083a8200000,0x00000083a8300000)]
  0x0000027e2372ec70 JavaThread "Signal Dispatcher" daemon [_thread_blocked, id=25424, stack(0x00000083a8300000,0x00000083a8400000)]
  0x0000027e23730650 JavaThread "Attach Listener" daemon [_thread_blocked, id=16956, stack(0x00000083a8400000,0x00000083a8500000)]
  0x0000027e23731010 JavaThread "Service Thread" daemon [_thread_blocked, id=10508, stack(0x00000083a8500000,0x00000083a8600000)]
  0x0000027e23731be0 JavaThread "Monitor Deflation Thread" daemon [_thread_blocked, id=26520, stack(0x00000083a8600000,0x00000083a8700000)]
  0x0000027e23761830 JavaThread "C2 CompilerThread0" daemon [_thread_in_native, id=33856, stack(0x00000083a8700000,0x00000083a8800000)]
  0x0000027e237622e0 JavaThread "C1 CompilerThread0" daemon [_thread_blocked, id=26268, stack(0x00000083a8800000,0x00000083a8900000)]
  0x0000027e2376cd00 JavaThread "Sweeper thread" daemon [_thread_blocked, id=8588, stack(0x00000083a8900000,0x00000083a8a00000)]
  0x0000027e238d7b90 JavaThread "C1 CompilerThread1" daemon [_thread_blocked, id=18072, stack(0x00000083a8a00000,0x00000083a8b00000)]
  0x0000027e238da0c0 JavaThread "C1 CompilerThread2" daemon [_thread_blocked, id=33996, stack(0x00000083a8b00000,0x00000083a8c00000)]
  0x0000027e238e4a50 JavaThread "Notification Thread" daemon [_thread_blocked, id=35424, stack(0x00000083a8c00000,0x00000083a8d00000)]
  0x0000027e239076b0 JavaThread "Common-Cleaner" daemon [_thread_blocked, id=8364, stack(0x00000083a8e00000,0x00000083a8f00000)]
  0x0000027e23997ab0 JavaThread "C2 CompilerThread1" daemon [_thread_in_native, id=35108, stack(0x00000083a8f00000,0x00000083a9000000)]
  0x0000027e28264b40 JavaThread "C1 CompilerThread3" daemon [_thread_blocked, id=8640, stack(0x00000083a9000000,0x00000083a9100000)]
  0x0000027e28558e80 JavaThread "C2 CompilerThread2" daemon [_thread_in_native, id=32464, stack(0x00000083a9600000,0x00000083a9700000)]
  0x0000027e29c5a8b0 JavaThread "C2 CompilerThread3" daemon [_thread_in_native, id=33892, stack(0x00000083aa000000,0x00000083aa100000)]
  0x0000027e2b0e5780 JavaThread "C2 CompilerThread4" daemon [_thread_in_native, id=19908, stack(0x00000083aa100000,0x00000083aa200000)]
  0x0000027e2b31ba80 JavaThread "C2 CompilerThread5" daemon [_thread_in_native, id=16984, stack(0x00000083aa200000,0x00000083aa300000)]
=>0x0000027e2b5ea350 JavaThread "C2 CompilerThread6" daemon [_thread_in_native, id=25004, stack(0x00000083aa600000,0x00000083aa700000)]
  0x0000027e2b5eb890 JavaThread "C2 CompilerThread7" daemon [_thread_in_native, id=14780, stack(0x00000083aa700000,0x00000083aa800000)]

Other Threads:
  0x0000027e2312e560 VMThread "VM Thread" [stack: 0x00000083a8000000,0x00000083a8100000] [id=34484]
  0x0000027e238e4f30 WatcherThread [stack: 0x00000083a8d00000,0x00000083a8e00000] [id=27444]
  0x0000027e03fa0830 GCTaskThread "GC Thread#0" [stack: 0x00000083a7b00000,0x00000083a7c00000] [id=34812]
  0x0000027e282f1250 GCTaskThread "GC Thread#1" [stack: 0x00000083a9100000,0x00000083a9200000] [id=31472]
  0x0000027e28371e90 GCTaskThread "GC Thread#2" [stack: 0x00000083a9200000,0x00000083a9300000] [id=5024]
  0x0000027e28372150 GCTaskThread "GC Thread#3" [stack: 0x00000083a9300000,0x00000083a9400000] [id=30632]
  0x0000027e28372410 GCTaskThread "GC Thread#4" [stack: 0x00000083a9400000,0x00000083a9500000] [id=34056]
  0x0000027e283593c0 GCTaskThread "GC Thread#5" [stack: 0x00000083a9500000,0x00000083a9600000] [id=13816]
  0x0000027e28c1f1b0 GCTaskThread "GC Thread#6" [stack: 0x00000083a9700000,0x00000083a9800000] [id=16816]
  0x0000027e28d74820 GCTaskThread "GC Thread#7" [stack: 0x00000083a9800000,0x00000083a9900000] [id=13744]
  0x0000027e28d62e50 GCTaskThread "GC Thread#8" [stack: 0x00000083a9900000,0x00000083a9a00000] [id=28004]
  0x0000027e29006f60 GCTaskThread "GC Thread#9" [stack: 0x00000083a9d00000,0x00000083a9e00000] [id=34580]
  0x0000027e290074e0 GCTaskThread "GC Thread#10" [stack: 0x00000083a9e00000,0x00000083a9f00000] [id=4688]
  0x0000027e29007220 GCTaskThread "GC Thread#11" [stack: 0x00000083a9f00000,0x00000083aa000000] [id=27904]
  0x0000027e29006460 GCTaskThread "GC Thread#12" [stack: 0x00000083aa500000,0x00000083aa600000] [id=3332]
  0x0000027e29006ca0 GCTaskThread "GC Thread#13" [stack: 0x00000083aa300000,0x00000083aa400000] [id=32300]
  0x0000027e2a777c70 GCTaskThread "GC Thread#14" [stack: 0x00000083aa400000,0x00000083aa500000] [id=4272]
  0x0000027e03fb11c0 ConcurrentGCThread "G1 Main Marker" [stack: 0x00000083a7c00000,0x00000083a7d00000] [id=33700]
  0x0000027e03fb1be0 ConcurrentGCThread "G1 Conc#0" [stack: 0x00000083a7d00000,0x00000083a7e00000] [id=10884]
  0x0000027e28a50d70 ConcurrentGCThread "G1 Conc#1" [stack: 0x00000083a9a00000,0x00000083a9b00000] [id=34684]
  0x0000027e28c875a0 ConcurrentGCThread "G1 Conc#2" [stack: 0x00000083a9b00000,0x00000083a9c00000] [id=25816]
  0x0000027e28df6250 ConcurrentGCThread "G1 Conc#3" [stack: 0x00000083a9c00000,0x00000083a9d00000] [id=33672]
  0x0000027e03fde730 ConcurrentGCThread "G1 Refine#0" [stack: 0x00000083a7e00000,0x00000083a7f00000] [id=9368]
  0x0000027e22ffd2e0 ConcurrentGCThread "G1 Service" [stack: 0x00000083a7f00000,0x00000083a8000000] [id=5908]

Threads with active compile tasks:
C2 CompilerThread0     7929 12138       4       org.jetbrains.kotlin.types.AbstractTypeChecker::isSubtypeOfForSingleClassifierType (893 bytes)
C2 CompilerThread1     7929 12191       4       org.jetbrains.kotlin.resolve.lazy.LazyImportScope::getContributedClassifier (48 bytes)
C2 CompilerThread2     7929 12224       4       org.jetbrains.kotlin.resolve.calls.tower.AbstractInvokeTowerProcessor::process (351 bytes)
C2 CompilerThread3     7929 12279       4       org.jetbrains.kotlin.types.AbstractTypeChecker::collectAllSupertypesWithGivenTypeConstructor (554 bytes)
C2 CompilerThread4     7929 12253       4       org.jetbrains.kotlin.resolve.calls.tower.TowerResolver::access$processTowerData (10 bytes)
C2 CompilerThread5     7929 12187       4       org.jetbrains.kotlin.resolve.calls.inference.model.NewConstraintSystemImpl::addOtherSystem (343 bytes)
C2 CompilerThread6     7929 12065       4       org.jetbrains.kotlin.types.checker.NewCapturedTypeKt::captureArguments (659 bytes)
C2 CompilerThread7     7929 12172       4       org.jetbrains.kotlin.resolve.calls.inference.components.ConstraintInjector$TypeCheckerStateForConstraintInjector::runIsSubtypeOf$default (30 bytes)

VM state: not at safepoint (normal execution)

VM Mutex/Monitor currently owned by a thread: None

Heap address: 0x0000000705c00000, size: 4004 MB, Compressed Oops mode: Zero based, Oop shift amount: 3

CDS archive(s) not mapped
Compressed class space mapped at: 0x0000000800000000-0x0000000840000000, reserved size: 1073741824
Narrow klass base: 0x0000000800000000, Narrow klass shift: 0, Narrow klass range: 0x40000000

GC Precious Log:
 CPUs: 20 total, 20 available
 Memory: 16011M
 Large Page Support: Disabled
 NUMA Support: Disabled
 Compressed Oops: Enabled (Zero based)
 Heap Region Size: 2M
 Heap Min Capacity: 8M
 Heap Initial Capacity: 252M
 Heap Max Capacity: 4004M
 Pre-touch: Disabled
 Parallel Workers: 15
 Concurrent Workers: 4
 Concurrent Refinement Workers: 15
 Periodic GC: Disabled

Heap:
 garbage-first heap   total 137216K, used 78179K [0x0000000705c00000, 0x0000000800000000)
  region size 2048K, 5 young (10240K), 3 survivors (6144K)
 Metaspace       used 65532K, committed 65856K, reserved 1114112K
  class space    used 7331K, committed 7488K, reserved 1048576K

Heap Regions: E=young(eden), S=young(survivor), O=old, HS=humongous(starts), HC=humongous(continues), CS=collection set, F=free, OA=open archive, CA=closed archive, TAMS=top-at-mark-start (previous, next)
|   0|0x0000000705c00000, 0x0000000705e00000, 0x0000000705e00000|100%|HS|  |TAMS 0x0000000705e00000, 0x0000000705c00000| Complete 
|   1|0x0000000705e00000, 0x0000000706000000, 0x0000000706000000|100%|HC|  |TAMS 0x0000000706000000, 0x0000000705e00000| Complete 
|   2|0x0000000706000000, 0x0000000706107400, 0x0000000706200000| 51%| O|  |TAMS 0x0000000706107400, 0x0000000706000000| Untracked 
|   3|0x0000000706200000, 0x0000000706400000, 0x0000000706400000|100%| O|  |TAMS 0x0000000706400000, 0x0000000706200000| Untracked 
|   4|0x0000000706400000, 0x0000000706600000, 0x0000000706600000|100%| O|  |TAMS 0x0000000706600000, 0x0000000706400000| Untracked 
|   5|0x0000000706600000, 0x0000000706800000, 0x0000000706800000|100%| O|  |TAMS 0x0000000706800000, 0x0000000706600000| Untracked 
|   6|0x0000000706800000, 0x0000000706a00000, 0x0000000706a00000|100%| O|  |TAMS 0x0000000706a00000, 0x0000000706800000| Untracked 
|   7|0x0000000706a00000, 0x0000000706c00000, 0x0000000706c00000|100%| O|  |TAMS 0x0000000706c00000, 0x0000000706a00000| Untracked 
|   8|0x0000000706c00000, 0x0000000706e00000, 0x0000000706e00000|100%| O|  |TAMS 0x0000000706e00000, 0x0000000706c00000| Untracked 
|   9|0x0000000706e00000, 0x0000000707000000, 0x0000000707000000|100%|HS|  |TAMS 0x0000000707000000, 0x0000000706e00000| Complete 
|  10|0x0000000707000000, 0x0000000707200000, 0x0000000707200000|100%| O|  |TAMS 0x0000000707200000, 0x0000000707000000| Untracked 
|  11|0x0000000707200000, 0x0000000707400000, 0x0000000707400000|100%| O|  |TAMS 0x0000000707400000, 0x0000000707200000| Untracked 
|  12|0x0000000707400000, 0x0000000707600000, 0x0000000707600000|100%| O|  |TAMS 0x0000000707600000, 0x0000000707400000| Untracked 
|  13|0x0000000707600000, 0x0000000707800000, 0x0000000707800000|100%| O|  |TAMS 0x0000000707800000, 0x0000000707600000| Untracked 
|  14|0x0000000707800000, 0x0000000707a00000, 0x0000000707a00000|100%| O|  |TAMS 0x0000000707a00000, 0x0000000707800000| Untracked 
|  15|0x0000000707a00000, 0x0000000707c00000, 0x0000000707c00000|100%| O|  |TAMS 0x0000000707c00000, 0x0000000707a00000| Untracked 
|  16|0x0000000707c00000, 0x0000000707e00000, 0x0000000707e00000|100%| O|  |TAMS 0x0000000707e00000, 0x0000000707c00000| Untracked 
|  17|0x0000000707e00000, 0x0000000708000000, 0x0000000708000000|100%| O|  |TAMS 0x0000000708000000, 0x0000000707e00000| Untracked 
|  18|0x0000000708000000, 0x0000000708200000, 0x0000000708200000|100%| O|  |TAMS 0x0000000708200000, 0x0000000708000000| Untracked 
|  19|0x0000000708200000, 0x0000000708400000, 0x0000000708400000|100%| O|  |TAMS 0x0000000708400000, 0x0000000708200000| Untracked 
|  20|0x0000000708400000, 0x0000000708600000, 0x0000000708600000|100%| O|  |TAMS 0x0000000708600000, 0x0000000708400000| Untracked 
|  21|0x0000000708600000, 0x0000000708800000, 0x0000000708800000|100%| O|  |TAMS 0x0000000708800000, 0x0000000708600000| Untracked 
|  22|0x0000000708800000, 0x0000000708a00000, 0x0000000708a00000|100%| O|  |TAMS 0x0000000708a00000, 0x0000000708800000| Untracked 
|  23|0x0000000708a00000, 0x0000000708c00000, 0x0000000708c00000|100%| O|  |TAMS 0x0000000708c00000, 0x0000000708a00000| Untracked 
|  24|0x0000000708c00000, 0x0000000708e00000, 0x0000000708e00000|100%| O|  |TAMS 0x0000000708e00000, 0x0000000708c00000| Untracked 
|  25|0x0000000708e00000, 0x0000000709000000, 0x0000000709000000|100%| O|  |TAMS 0x0000000709000000, 0x0000000708e00000| Untracked 
|  26|0x0000000709000000, 0x0000000709200000, 0x0000000709200000|100%| O|  |TAMS 0x0000000709200000, 0x0000000709000000| Untracked 
|  27|0x0000000709200000, 0x0000000709400000, 0x0000000709400000|100%| O|  |TAMS 0x0000000709400000, 0x0000000709200000| Untracked 
|  28|0x0000000709400000, 0x0000000709600000, 0x0000000709600000|100%| O|  |TAMS 0x0000000709600000, 0x0000000709400000| Untracked 
|  29|0x0000000709600000, 0x0000000709800000, 0x0000000709800000|100%| O|  |TAMS 0x0000000709800000, 0x0000000709600000| Untracked 
|  30|0x0000000709800000, 0x0000000709a00000, 0x0000000709a00000|100%| O|  |TAMS 0x0000000709a00000, 0x0000000709800000| Untracked 
|  31|0x0000000709a00000, 0x0000000709c00000, 0x0000000709c00000|100%| O|  |TAMS 0x0000000709c00000, 0x0000000709a00000| Untracked 
|  32|0x0000000709c00000, 0x0000000709e00000, 0x0000000709e00000|100%| O|  |TAMS 0x0000000709e00000, 0x0000000709c00000| Untracked 
|  33|0x0000000709e00000, 0x000000070a000000, 0x000000070a000000|100%| O|  |TAMS 0x0000000709f00400, 0x0000000709e00000| Untracked 
|  34|0x000000070a000000, 0x000000070a200000, 0x000000070a200000|100%|HS|  |TAMS 0x000000070a200000, 0x000000070a000000| Complete 
|  35|0x000000070a200000, 0x000000070a29f800, 0x000000070a400000| 31%| O|  |TAMS 0x000000070a200000, 0x000000070a200000| Untracked 
|  36|0x000000070a400000, 0x000000070a400000, 0x000000070a600000|  0%| F|  |TAMS 0x000000070a400000, 0x000000070a400000| Untracked 
|  37|0x000000070a600000, 0x000000070a600000, 0x000000070a800000|  0%| F|  |TAMS 0x000000070a600000, 0x000000070a600000| Untracked 
|  38|0x000000070a800000, 0x000000070a800000, 0x000000070aa00000|  0%| F|  |TAMS 0x000000070a800000, 0x000000070a800000| Untracked 
|  39|0x000000070aa00000, 0x000000070aa00000, 0x000000070ac00000|  0%| F|  |TAMS 0x000000070aa00000, 0x000000070aa00000| Untracked 
|  40|0x000000070ac00000, 0x000000070ac00000, 0x000000070ae00000|  0%| F|  |TAMS 0x000000070ac00000, 0x000000070ac00000| Untracked 
|  41|0x000000070ae00000, 0x000000070ae00000, 0x000000070b000000|  0%| F|  |TAMS 0x000000070ae00000, 0x000000070ae00000| Untracked 
|  42|0x000000070b000000, 0x000000070b000000, 0x000000070b200000|  0%| F|  |TAMS 0x000000070b000000, 0x000000070b000000| Untracked 
|  43|0x000000070b200000, 0x000000070b200000, 0x000000070b400000|  0%| F|  |TAMS 0x000000070b200000, 0x000000070b200000| Untracked 
|  44|0x000000070b400000, 0x000000070b4b2080, 0x000000070b600000| 34%| S|CS|TAMS 0x000000070b400000, 0x000000070b400000| Complete 
|  45|0x000000070b600000, 0x000000070b800000, 0x000000070b800000|100%| S|CS|TAMS 0x000000070b600000, 0x000000070b600000| Complete 
|  46|0x000000070b800000, 0x000000070b800000, 0x000000070ba00000|  0%| F|  |TAMS 0x000000070b800000, 0x000000070b800000| Untracked 
|  47|0x000000070ba00000, 0x000000070ba00000, 0x000000070bc00000|  0%| F|  |TAMS 0x000000070ba00000, 0x000000070ba00000| Untracked 
|  48|0x000000070bc00000, 0x000000070be00000, 0x000000070be00000|100%| S|CS|TAMS 0x000000070bc00000, 0x000000070bc00000| Complete 
|  49|0x000000070be00000, 0x000000070be00000, 0x000000070c000000|  0%| F|  |TAMS 0x000000070be00000, 0x000000070be00000| Untracked 
|  50|0x000000070c000000, 0x000000070c000000, 0x000000070c200000|  0%| F|  |TAMS 0x000000070c000000, 0x000000070c000000| Untracked 
|  51|0x000000070c200000, 0x000000070c200000, 0x000000070c400000|  0%| F|  |TAMS 0x000000070c200000, 0x000000070c200000| Untracked 
|  52|0x000000070c400000, 0x000000070c400000, 0x000000070c600000|  0%| F|  |TAMS 0x000000070c400000, 0x000000070c400000| Untracked 
|  53|0x000000070c600000, 0x000000070c600000, 0x000000070c800000|  0%| F|  |TAMS 0x000000070c600000, 0x000000070c600000| Untracked 
|  54|0x000000070c800000, 0x000000070c800000, 0x000000070ca00000|  0%| F|  |TAMS 0x000000070c800000, 0x000000070c800000| Untracked 
|  55|0x000000070ca00000, 0x000000070ca00000, 0x000000070cc00000|  0%| F|  |TAMS 0x000000070ca00000, 0x000000070ca00000| Untracked 
|  56|0x000000070cc00000, 0x000000070cc00000, 0x000000070ce00000|  0%| F|  |TAMS 0x000000070cc00000, 0x000000070cc00000| Untracked 
|  57|0x000000070ce00000, 0x000000070ce00000, 0x000000070d000000|  0%| F|  |TAMS 0x000000070ce00000, 0x000000070ce00000| Untracked 
|  58|0x000000070d000000, 0x000000070d000000, 0x000000070d200000|  0%| F|  |TAMS 0x000000070d000000, 0x000000070d000000| Untracked 
|  59|0x000000070d200000, 0x000000070d200000, 0x000000070d400000|  0%| F|  |TAMS 0x000000070d200000, 0x000000070d200000| Untracked 
|  60|0x000000070d400000, 0x000000070d400000, 0x000000070d600000|  0%| F|  |TAMS 0x000000070d400000, 0x000000070d400000| Untracked 
|  61|0x000000070d600000, 0x000000070d600000, 0x000000070d800000|  0%| F|  |TAMS 0x000000070d600000, 0x000000070d600000| Untracked 
|  62|0x000000070d800000, 0x000000070d800000, 0x000000070da00000|  0%| F|  |TAMS 0x000000070d800000, 0x000000070d800000| Untracked 
|  63|0x000000070da00000, 0x000000070da00000, 0x000000070dc00000|  0%| F|  |TAMS 0x000000070da00000, 0x000000070da00000| Untracked 
|  64|0x000000070dc00000, 0x000000070dc00000, 0x000000070de00000|  0%| F|  |TAMS 0x000000070dc00000, 0x000000070dc00000| Untracked 
|  65|0x000000070de00000, 0x000000070e000000, 0x000000070e000000|100%| E|  |TAMS 0x000000070de00000, 0x000000070de00000| Complete 
| 125|0x0000000715600000, 0x0000000715800000, 0x0000000715800000|100%| E|CS|TAMS 0x0000000715600000, 0x0000000715600000| Complete 

Card table byte_map: [0x0000027e17690000,0x0000027e17e70000] _byte_map_base: 0x0000027e13e62000

Marking Bits (Prev, Next): (CMBitMap*) 0x0000027e03fa0e50, (CMBitMap*) 0x0000027e03fa0e90
 Prev Bits: [0x0000027e18650000, 0x0000027e1c4e0000)
 Next Bits: [0x0000027e1c4e0000, 0x0000027e20370000)

Polling page: 0x0000027e01b80000

Metaspace:

Usage:
  Non-class:     56.84 MB used.
      Class:      7.16 MB used.
       Both:     64.00 MB used.

Virtual space:
  Non-class space:       64.00 MB reserved,      57.00 MB ( 89%) committed,  1 nodes.
      Class space:        1.00 GB reserved,       7.31 MB ( <1%) committed,  1 nodes.
             Both:        1.06 GB reserved,      64.31 MB (  6%) committed. 

Chunk freelists:
   Non-Class:  6.48 MB
       Class:  8.70 MB
        Both:  15.19 MB

MaxMetaspaceSize: unlimited
CompressedClassSpaceSize: 1.00 GB
Initial GC threshold: 21.00 MB
Current GC threshold: 107.19 MB
CDS: off
MetaspaceReclaimPolicy: balanced
 - commit_granule_bytes: 65536.
 - commit_granule_words: 8192.
 - virtual_space_node_default_size: 8388608.
 - enlarge_chunks_in_place: 1.
 - new_chunks_are_fully_committed: 0.
 - uncommit_free_chunks: 1.
 - use_allocation_guard: 0.
 - handle_deallocations: 1.


Internal statistics:

num_allocs_failed_limit: 9.
num_arena_births: 310.
num_arena_deaths: 0.
num_vsnodes_births: 2.
num_vsnodes_deaths: 0.
num_space_committed: 1027.
num_space_uncommitted: 0.
num_chunks_returned_to_freelist: 9.
num_chunks_taken_from_freelist: 2434.
num_chunk_merges: 9.
num_chunk_splits: 1939.
num_chunks_enlarged: 1665.
num_inconsistent_stats: 0.

CodeHeap 'non-profiled nmethods': size=119168Kb used=6465Kb max_used=6963Kb free=112702Kb
 bounds [0x0000027e0efa0000, 0x0000027e0f670000, 0x0000027e16400000]
CodeHeap 'profiled nmethods': size=119104Kb used=31638Kb max_used=33102Kb free=87465Kb
 bounds [0x0000027e07400000, 0x0000027e09460000, 0x0000027e0e850000]
CodeHeap 'non-nmethods': size=7488Kb used=2999Kb max_used=3098Kb free=4488Kb
 bounds [0x0000027e0e850000, 0x0000027e0eb60000, 0x0000027e0efa0000]
 total_blobs=10900 nmethods=10281 adapters=524
 compilation: enabled
              stopped_count=0, restarted_count=0
 full_count=0

Compilation events (20 events):
Event: 7.902 Thread 0x0000027e237622e0 12292       3       org.jetbrains.kotlin.resolve.calls.inference.model.ArgumentConstraintPositionImpl::<init> (12 bytes)
Event: 7.902 Thread 0x0000027e238d7b90 12293       3       org.jetbrains.kotlin.resolve.calls.inference.model.ArgumentConstraintPosition::<init> (11 bytes)
Event: 7.903 Thread 0x0000027e238da0c0 12294       3       org.jetbrains.kotlin.resolve.calls.inference.components.FreshVariableNewTypeSubstitutor::<init> (16 bytes)
Event: 7.903 Thread 0x0000027e238d7b90 nmethod 12293 0x0000027e07bbb710 code [0x0000027e07bbb8c0, 0x0000027e07bbbb58]
Event: 7.903 Thread 0x0000027e237622e0 nmethod 12292 0x0000027e07bc6c90 code [0x0000027e07bc6ec0, 0x0000027e07bc7658]
Event: 7.904 Thread 0x0000027e238da0c0 nmethod 12294 0x0000027e0780d010 code [0x0000027e0780d220, 0x0000027e0780d898]
Event: 7.907 Thread 0x0000027e237622e0 12295       1       org.jetbrains.kotlin.types.TypeApproximatorConfiguration$FinalApproximationAfterResolutionAndInference::getIntersectionTypesInContravariantPositions (2 bytes)
Event: 7.907 Thread 0x0000027e28264b40 12296       3       org.jetbrains.kotlin.types.checker.ClassicTypeSystemContext$DefaultImpls::isStubType (75 bytes)
Event: 7.907 Thread 0x0000027e238d7b90 12297       3       org.jetbrains.kotlin.types.typeUtil.TypeUtilsKt::isStubType (51 bytes)
Event: 7.907 Thread 0x0000027e238da0c0 12298       3       org.jetbrains.kotlin.resolve.scopes.GivenFunctionsMemberScope::getContributedDescriptors (40 bytes)
Event: 7.908 Thread 0x0000027e237622e0 nmethod 12295 0x0000027e0f24f010 code [0x0000027e0f24f1a0, 0x0000027e0f24f278]
Event: 7.908 Thread 0x0000027e237622e0 12299       3       org.jetbrains.kotlin.resolve.calls.smartcasts.IdentifierInfo$Variable::equals (51 bytes)
Event: 7.909 Thread 0x0000027e237622e0 nmethod 12299 0x0000027e081be910 code [0x0000027e081beae0, 0x0000027e081bf128]
Event: 7.909 Thread 0x0000027e238d7b90 nmethod 12297 0x0000027e086e8710 code [0x0000027e086e8940, 0x0000027e086e93f8]
Event: 7.910 Thread 0x0000027e28264b40 nmethod 12296 0x0000027e082dec10 code [0x0000027e082def80, 0x0000027e082e0328]
Event: 7.910 Thread 0x0000027e238da0c0 nmethod 12298 0x0000027e092eaf10 code [0x0000027e092eb300, 0x0000027e092ecc48]
Event: 7.912 Thread 0x0000027e238da0c0 12300       3       org.jetbrains.kotlin.descriptors.annotations.AnnotationsImpl::isEmpty (10 bytes)
Event: 7.912 Thread 0x0000027e238da0c0 nmethod 12300 0x0000027e090e6990 code [0x0000027e090e6b40, 0x0000027e090e6d28]
Event: 7.913 Thread 0x0000027e238d7b90 12301       3       org.jetbrains.kotlin.resolve.scopes.LexicalScopeImpl$InitializeHandler::addVariableDescriptor (18 bytes)
Event: 7.914 Thread 0x0000027e238d7b90 nmethod 12301 0x0000027e07c43790 code [0x0000027e07c439c0, 0x0000027e07c440c8]

GC Heap History (20 events):
Event: 3.381 GC heap before
{Heap before GC invocations=14 (full 0):
 garbage-first heap   total 104448K, used 72525K [0x0000000705c00000, 0x0000000800000000)
  region size 2048K, 21 young (43008K), 2 survivors (4096K)
 Metaspace       used 56287K, committed 56576K, reserved 1114112K
  class space    used 6716K, committed 6848K, reserved 1048576K
}
Event: 3.389 GC heap after
{Heap after GC invocations=15 (full 0):
 garbage-first heap   total 104448K, used 38366K [0x0000000705c00000, 0x0000000800000000)
  region size 2048K, 3 young (6144K), 3 survivors (6144K)
 Metaspace       used 56287K, committed 56576K, reserved 1114112K
  class space    used 6716K, committed 6848K, reserved 1048576K
}
Event: 3.889 GC heap before
{Heap before GC invocations=15 (full 0):
 garbage-first heap   total 104448K, used 75230K [0x0000000705c00000, 0x0000000800000000)
  region size 2048K, 21 young (43008K), 3 survivors (6144K)
 Metaspace       used 57713K, committed 57984K, reserved 1114112K
  class space    used 6767K, committed 6848K, reserved 1048576K
}
Event: 3.902 GC heap after
{Heap after GC invocations=16 (full 0):
 garbage-first heap   total 104448K, used 45545K [0x0000000705c00000, 0x0000000800000000)
  region size 2048K, 3 young (6144K), 3 survivors (6144K)
 Metaspace       used 57713K, committed 57984K, reserved 1114112K
  class space    used 6767K, committed 6848K, reserved 1048576K
}
Event: 4.209 GC heap before
{Heap before GC invocations=16 (full 0):
 garbage-first heap   total 104448K, used 76265K [0x0000000705c00000, 0x0000000800000000)
  region size 2048K, 18 young (36864K), 3 survivors (6144K)
 Metaspace       used 58754K, committed 59008K, reserved 1114112K
  class space    used 6873K, committed 6976K, reserved 1048576K
}
Event: 4.219 GC heap after
{Heap after GC invocations=17 (full 0):
 garbage-first heap   total 104448K, used 51373K [0x0000000705c00000, 0x0000000800000000)
  region size 2048K, 3 young (6144K), 3 survivors (6144K)
 Metaspace       used 58754K, committed 59008K, reserved 1114112K
  class space    used 6873K, committed 6976K, reserved 1048576K
}
Event: 4.519 GC heap before
{Heap before GC invocations=17 (full 0):
 garbage-first heap   total 104448K, used 73901K [0x0000000705c00000, 0x0000000800000000)
  region size 2048K, 15 young (30720K), 3 survivors (6144K)
 Metaspace       used 59951K, committed 60160K, reserved 1114112K
  class space    used 7001K, committed 7104K, reserved 1048576K
}
Event: 4.526 GC heap after
{Heap after GC invocations=18 (full 0):
 garbage-first heap   total 126976K, used 52821K [0x0000000705c00000, 0x0000000800000000)
  region size 2048K, 1 young (2048K), 1 survivors (2048K)
 Metaspace       used 59951K, committed 60160K, reserved 1114112K
  class space    used 7001K, committed 7104K, reserved 1048576K
}
Event: 5.379 GC heap before
{Heap before GC invocations=19 (full 0):
 garbage-first heap   total 126976K, used 93781K [0x0000000705c00000, 0x0000000800000000)
  region size 2048K, 21 young (43008K), 1 survivors (2048K)
 Metaspace       used 62286K, committed 62592K, reserved 1114112K
  class space    used 7101K, committed 7232K, reserved 1048576K
}
Event: 5.388 GC heap after
{Heap after GC invocations=20 (full 0):
 garbage-first heap   total 126976K, used 57525K [0x0000000705c00000, 0x0000000800000000)
  region size 2048K, 3 young (6144K), 3 survivors (6144K)
 Metaspace       used 62286K, committed 62592K, reserved 1114112K
  class space    used 7101K, committed 7232K, reserved 1048576K
}
Event: 6.126 GC heap before
{Heap before GC invocations=20 (full 0):
 garbage-first heap   total 126976K, used 96437K [0x0000000705c00000, 0x0000000800000000)
  region size 2048K, 22 young (45056K), 3 survivors (6144K)
 Metaspace       used 64010K, committed 64320K, reserved 1114112K
  class space    used 7248K, committed 7424K, reserved 1048576K
}
Event: 6.137 GC heap after
{Heap after GC invocations=21 (full 0):
 garbage-first heap   total 126976K, used 63449K [0x0000000705c00000, 0x0000000800000000)
  region size 2048K, 3 young (6144K), 3 survivors (6144K)
 Metaspace       used 64010K, committed 64320K, reserved 1114112K
  class space    used 7248K, committed 7424K, reserved 1048576K
}
Event: 6.476 GC heap before
{Heap before GC invocations=21 (full 0):
 garbage-first heap   total 126976K, used 96217K [0x0000000705c00000, 0x0000000800000000)
  region size 2048K, 19 young (38912K), 3 survivors (6144K)
 Metaspace       used 64562K, committed 64896K, reserved 1114112K
  class space    used 7282K, committed 7424K, reserved 1048576K
}
Event: 6.484 GC heap after
{Heap after GC invocations=22 (full 0):
 garbage-first heap   total 126976K, used 68010K [0x0000000705c00000, 0x0000000800000000)
  region size 2048K, 3 young (6144K), 3 survivors (6144K)
 Metaspace       used 64562K, committed 64896K, reserved 1114112K
  class space    used 7282K, committed 7424K, reserved 1048576K
}
Event: 6.763 GC heap before
{Heap before GC invocations=23 (full 0):
 garbage-first heap   total 126976K, used 84394K [0x0000000705c00000, 0x0000000800000000)
  region size 2048K, 12 young (24576K), 3 survivors (6144K)
 Metaspace       used 64792K, committed 65088K, reserved 1114112K
  class space    used 7282K, committed 7424K, reserved 1048576K
}
Event: 6.769 GC heap after
{Heap after GC invocations=24 (full 0):
 garbage-first heap   total 126976K, used 70089K [0x0000000705c00000, 0x0000000800000000)
  region size 2048K, 2 young (4096K), 2 survivors (4096K)
 Metaspace       used 64792K, committed 65088K, reserved 1114112K
  class space    used 7282K, committed 7424K, reserved 1048576K
}
Event: 7.251 GC heap before
{Heap before GC invocations=25 (full 0):
 garbage-first heap   total 131072K, used 100809K [0x0000000705c00000, 0x0000000800000000)
  region size 2048K, 16 young (32768K), 2 survivors (4096K)
 Metaspace       used 65211K, committed 65536K, reserved 1114112K
  class space    used 7311K, committed 7488K, reserved 1048576K
}
Event: 7.255 GC heap after
{Heap after GC invocations=26 (full 0):
 garbage-first heap   total 131072K, used 73751K [0x0000000705c00000, 0x0000000800000000)
  region size 2048K, 2 young (4096K), 2 survivors (4096K)
 Metaspace       used 65211K, committed 65536K, reserved 1114112K
  class space    used 7311K, committed 7488K, reserved 1048576K
}
Event: 7.843 GC heap before
{Heap before GC invocations=26 (full 0):
 garbage-first heap   total 131072K, used 104471K [0x0000000705c00000, 0x0000000800000000)
  region size 2048K, 17 young (34816K), 2 survivors (4096K)
 Metaspace       used 65510K, committed 65792K, reserved 1114112K
  class space    used 7327K, committed 7488K, reserved 1048576K
}
Event: 7.849 GC heap after
{Heap after GC invocations=27 (full 0):
 garbage-first heap   total 131072K, used 76131K [0x0000000705c00000, 0x0000000800000000)
  region size 2048K, 3 young (6144K), 3 survivors (6144K)
 Metaspace       used 65510K, committed 65792K, reserved 1114112K
  class space    used 7327K, committed 7488K, reserved 1048576K
}

Dll operation events (2 events):
Event: 0.005 Loaded shared library E:\AS2302\jbr\bin\java.dll
Event: 0.899 Loaded shared library E:\AS2302\jbr\bin\verify.dll

Deoptimization events (20 events):
Event: 7.762 Thread 0x0000027e03f327f0 DEOPT PACKING pc=0x0000027e0f3aff3c sp=0x00000083a7afa200
Event: 7.762 Thread 0x0000027e03f327f0 DEOPT UNPACKING pc=0x0000027e0e8a69a3 sp=0x00000083a7afa1d0 mode 2
Event: 7.800 Thread 0x0000027e03f327f0 Uncommon trap: trap_request=0xffffff45 fr.pc=0x0000027e0f648cd4 relative=0x00000000000000b4
Event: 7.800 Thread 0x0000027e03f327f0 Uncommon trap: reason=unstable_if action=reinterpret pc=0x0000027e0f648cd4 method=org.jetbrains.kotlin.types.typeUtil.TypeUtilsKt.isStubType(Lorg/jetbrains/kotlin/types/KotlinType;)Z @ 10 c2
Event: 7.801 Thread 0x0000027e03f327f0 DEOPT PACKING pc=0x0000027e0f648cd4 sp=0x00000083a7af8880
Event: 7.801 Thread 0x0000027e03f327f0 DEOPT UNPACKING pc=0x0000027e0e8a69a3 sp=0x00000083a7af8720 mode 2
Event: 7.801 Thread 0x0000027e03f327f0 Uncommon trap: trap_request=0xffffff45 fr.pc=0x0000027e0f66c3e8 relative=0x00000000000003e8
Event: 7.801 Thread 0x0000027e03f327f0 Uncommon trap: reason=unstable_if action=reinterpret pc=0x0000027e0f66c3e8 method=org.jetbrains.kotlin.types.AbstractTypeChecker.checkSubtypeForSpecialCases(Lorg/jetbrains/kotlin/types/TypeCheckerState;Lorg/jetbrains/kotlin/types/model/SimpleTypeMarker;Lo
Event: 7.801 Thread 0x0000027e03f327f0 DEOPT PACKING pc=0x0000027e0f66c3e8 sp=0x00000083a7af88b0
Event: 7.801 Thread 0x0000027e03f327f0 DEOPT UNPACKING pc=0x0000027e0e8a69a3 sp=0x00000083a7af87f8 mode 2
Event: 7.801 Thread 0x0000027e03f327f0 Uncommon trap: trap_request=0xffffff45 fr.pc=0x0000027e0f2fe0b4 relative=0x0000000000000094
Event: 7.801 Thread 0x0000027e03f327f0 Uncommon trap: reason=unstable_if action=reinterpret pc=0x0000027e0f2fe0b4 method=org.jetbrains.kotlin.types.typeUtil.TypeUtilsKt.isStubType(Lorg/jetbrains/kotlin/types/KotlinType;)Z @ 10 c2
Event: 7.801 Thread 0x0000027e03f327f0 DEOPT PACKING pc=0x0000027e0f2fe0b4 sp=0x00000083a7af88e0
Event: 7.801 Thread 0x0000027e03f327f0 DEOPT UNPACKING pc=0x0000027e0e8a69a3 sp=0x00000083a7af87f8 mode 2
Event: 7.801 Thread 0x0000027e03f327f0 Uncommon trap: trap_request=0xffffff45 fr.pc=0x0000027e0efd9480 relative=0x0000000000000060
Event: 7.801 Thread 0x0000027e03f327f0 Uncommon trap: reason=unstable_if action=reinterpret pc=0x0000027e0efd9480 method=org.jetbrains.kotlin.types.typeUtil.TypeUtilsKt.isStubType(Lorg/jetbrains/kotlin/types/KotlinType;)Z @ 10 c2
Event: 7.802 Thread 0x0000027e03f327f0 DEOPT PACKING pc=0x0000027e0efd9480 sp=0x00000083a7af8870
Event: 7.802 Thread 0x0000027e03f327f0 DEOPT UNPACKING pc=0x0000027e0e8a69a3 sp=0x00000083a7af8800 mode 2
Event: 7.874 Thread 0x0000027e03f327f0 DEOPT PACKING pc=0x0000027e074d500d sp=0x00000083a7af06f0
Event: 7.874 Thread 0x0000027e03f327f0 DEOPT UNPACKING pc=0x0000027e0e8a7143 sp=0x00000083a7aefbc0 mode 0

Classes unloaded (0 events):
No events

Classes redefined (0 events):
No events

Internal exceptions (20 events):
Event: 2.984 Thread 0x0000027e03f327f0 Exception <a 'java/lang/NoSuchMethodError'{0x000000070bfe3148}: 'java.lang.Object java.lang.invoke.DirectMethodHandle$Holder.newInvokeSpecial(java.lang.Object, java.lang.Object, java.lang.Object, java.lang.Object, java.lang.Object, java.lang.Object, java.lang.Object, java.lang.Object)'> (0x000000070bfe3148) 
thrown [s\src\hotspot\share\interpreter\linkResolver.cpp, line 771]
Event: 2.985 Thread 0x0000027e03f327f0 Exception <a 'java/lang/NoSuchMethodError'{0x000000070bfe8760}: 'java.lang.Object java.lang.invoke.DirectMethodHandle$Holder.invokeSpecial(java.lang.Object, java.lang.Object, java.lang.Object, java.lang.Object, java.lang.Object, java.lang.Object, java.lang.Object, java.lang.Object, java.lang.Object)'> (0x000000070bfe8760) 
thrown [s\src\hotspot\share\interpreter\linkResolver.cpp, line 771]
Event: 2.985 Thread 0x0000027e03f327f0 Exception <a 'java/lang/NoSuchMethodError'{0x000000070bfed690}: 'java.lang.Object java.lang.invoke.Invokers$Holder.linkToTargetMethod(java.lang.Object, java.lang.Object, java.lang.Object, java.lang.Object, java.lang.Object, java.lang.Object, java.lang.Object, java.lang.Object)'> (0x000000070bfed690) 
thrown [s\src\hotspot\share\interpreter\linkResolver.cpp, line 771]
Event: 3.031 Thread 0x0000027e03f327f0 Exception <a 'java/lang/NoSuchMethodError'{0x000000070bd50748}: 'java.lang.Object java.lang.invoke.DirectMethodHandle$Holder.newInvokeSpecial(java.lang.Object, java.lang.Object, java.lang.Object, java.lang.Object, java.lang.Object, java.lang.Object)'> (0x000000070bd50748) 
thrown [s\src\hotspot\share\interpreter\linkResolver.cpp, line 771]
Event: 3.041 Thread 0x0000027e03f327f0 Implicit null exception at 0x0000027e0f1897d3 to 0x0000027e0f189ce4
Event: 3.116 Thread 0x0000027e03f327f0 Implicit null exception at 0x0000027e0f18898b to 0x0000027e0f188bec
Event: 3.169 Thread 0x0000027e03f327f0 Implicit null exception at 0x0000027e0eff6f8f to 0x0000027e0eff7208
Event: 3.171 Thread 0x0000027e03f327f0 Implicit null exception at 0x0000027e0f01088f to 0x0000027e0f010909
Event: 3.558 Thread 0x0000027e03f327f0 Exception <a 'java/lang/NoSuchMethodError'{0x000000070bb31cd0}: 'java.lang.Object java.lang.invoke.DirectMethodHandle$Holder.invokeStaticInit(java.lang.Object, java.lang.Object, java.lang.Object)'> (0x000000070bb31cd0) 
thrown [s\src\hotspot\share\interpreter\linkResolver.cpp, line 771]
Event: 4.027 Thread 0x0000027e03f327f0 Exception <a 'java/lang/NoSuchMethodError'{0x000000070b44aca8}: 'int java.lang.invoke.DirectMethodHandle$Holder.invokeStaticInit(java.lang.Object, int)'> (0x000000070b44aca8) 
thrown [s\src\hotspot\share\interpreter\linkResolver.cpp, line 771]
Event: 4.052 Thread 0x0000027e03f327f0 Implicit null exception at 0x0000027e0f2d72bc to 0x0000027e0f2d825c
Event: 4.074 Thread 0x0000027e03f327f0 Exception <a 'java/lang/NoSuchMethodError'{0x000000070b583cc8}: 'java.lang.Object java.lang.invoke.DirectMethodHandle$Holder.newInvokeSpecial(java.lang.Object, int, java.lang.Object, java.lang.Object)'> (0x000000070b583cc8) 
thrown [s\src\hotspot\share\interpreter\linkResolver.cpp, line 771]
Event: 4.500 Thread 0x0000027e03f327f0 Exception <a 'java/lang/NoSuchMethodError'{0x000000070ad807d0}: 'java.lang.Object java.lang.invoke.DirectMethodHandle$Holder.invokeInterface(java.lang.Object, java.lang.Object, java.lang.Object)'> (0x000000070ad807d0) 
thrown [s\src\hotspot\share\interpreter\linkResolver.cpp, line 771]
Event: 4.500 Thread 0x0000027e03f327f0 Exception <a 'java/lang/IncompatibleClassChangeError'{0x000000070ad84140}: Found class java.lang.Object, but interface was expected> (0x000000070ad84140) 
thrown [s\src\hotspot\share\interpreter\linkResolver.cpp, line 838]
Event: 5.462 Thread 0x0000027e03f327f0 Exception <a 'java/lang/NoSuchMethodError'{0x000000070d23ed28}: 'java.lang.Object java.lang.invoke.DirectMethodHandle$Holder.invokeStatic(java.lang.Object, int, java.lang.Object)'> (0x000000070d23ed28) 
thrown [s\src\hotspot\share\interpreter\linkResolver.cpp, line 771]
Event: 5.571 Thread 0x0000027e03f327f0 Exception <a 'java/lang/NoSuchMethodError'{0x000000070d1155c8}: 'java.lang.Object java.lang.invoke.DirectMethodHandle$Holder.newInvokeSpecial(java.lang.Object, java.lang.Object, java.lang.Object, java.lang.Object, java.lang.Object, java.lang.Object, java.lang.Object)'> (0x000000070d1155c8) 
thrown [s\src\hotspot\share\interpreter\linkResolver.cpp, line 771]
Event: 5.572 Thread 0x0000027e03f327f0 Exception <a 'java/lang/NoSuchMethodError'{0x000000070d11a180}: 'java.lang.Object java.lang.invoke.Invokers$Holder.linkToTargetMethod(java.lang.Object, java.lang.Object, java.lang.Object, java.lang.Object, java.lang.Object, java.lang.Object, java.lang.Object)'> (0x000000070d11a180) 
thrown [s\src\hotspot\share\interpreter\linkResolver.cpp, line 771]
Event: 5.622 Thread 0x0000027e03f327f0 Implicit null exception at 0x0000027e0f498308 to 0x0000027e0f499dfc
Event: 6.319 Thread 0x0000027e03f327f0 Implicit null exception at 0x0000027e0f4e972c to 0x0000027e0f4e97f4
Event: 7.762 Thread 0x0000027e03f327f0 Implicit null exception at 0x0000027e0f3af5e5 to 0x0000027e0f3aff2c

VM Operations (20 events):
Event: 7.575 Executing VM operation: HandshakeAllThreads
Event: 7.575 Executing VM operation: HandshakeAllThreads done
Event: 7.586 Executing VM operation: ICBufferFull
Event: 7.586 Executing VM operation: ICBufferFull done
Event: 7.641 Executing VM operation: HandshakeAllThreads
Event: 7.641 Executing VM operation: HandshakeAllThreads done
Event: 7.666 Executing VM operation: HandshakeAllThreads
Event: 7.666 Executing VM operation: HandshakeAllThreads done
Event: 7.669 Executing VM operation: HandshakeAllThreads
Event: 7.669 Executing VM operation: HandshakeAllThreads done
Event: 7.707 Executing VM operation: HandshakeAllThreads
Event: 7.707 Executing VM operation: HandshakeAllThreads done
Event: 7.712 Executing VM operation: ICBufferFull
Event: 7.713 Executing VM operation: ICBufferFull done
Event: 7.843 Executing VM operation: G1CollectForAllocation
Event: 7.849 Executing VM operation: G1CollectForAllocation done
Event: 7.874 Executing VM operation: G1PauseRemark
Event: 7.887 Executing VM operation: G1PauseRemark done
Event: 7.899 Executing VM operation: G1PauseCleanup
Event: 7.899 Executing VM operation: G1PauseCleanup done

Events (20 events):
Event: 7.731 Thread 0x0000027e2376cd00 flushing nmethod 0x0000027e08707110
Event: 7.731 Thread 0x0000027e2376cd00 flushing nmethod 0x0000027e08717990
Event: 7.731 Thread 0x0000027e2376cd00 flushing nmethod 0x0000027e0871d810
Event: 7.731 Thread 0x0000027e2376cd00 flushing nmethod 0x0000027e0871db90
Event: 7.731 Thread 0x0000027e2376cd00 flushing nmethod 0x0000027e0874aa90
Event: 7.733 Thread 0x0000027e2376cd00 flushing nmethod 0x0000027e0882f190
Event: 7.733 Thread 0x0000027e2376cd00 flushing nmethod 0x0000027e0882fc90
Event: 7.734 Thread 0x0000027e2376cd00 flushing nmethod 0x0000027e088bb210
Event: 7.735 Thread 0x0000027e2376cd00 flushing nmethod 0x0000027e0895e490
Event: 7.736 Thread 0x0000027e2376cd00 flushing nmethod 0x0000027e089fb610
Event: 7.736 Thread 0x0000027e2376cd00 flushing nmethod 0x0000027e08a26a90
Event: 7.741 Thread 0x0000027e2376cd00 flushing nmethod 0x0000027e08dc9610
Event: 7.748 Thread 0x0000027e2376cd00 flushing nmethod 0x0000027e090e6990
Event: 7.748 Thread 0x0000027e2376cd00 flushing nmethod 0x0000027e09121d90
Event: 7.749 Thread 0x0000027e2376cd00 flushing nmethod 0x0000027e091dc510
Event: 7.750 Thread 0x0000027e2376cd00 flushing nmethod 0x0000027e09280610
Event: 7.750 Thread 0x0000027e2376cd00 flushing nmethod 0x0000027e0928ea90
Event: 7.750 Thread 0x0000027e2376cd00 flushing nmethod 0x0000027e09297a90
Event: 7.750 Thread 0x0000027e2376cd00 flushing nmethod 0x0000027e09298b10
Event: 7.751 Thread 0x0000027e2376cd00 flushing nmethod 0x0000027e092eaf10


Dynamic libraries:
0x00007ff6d5cf0000 - 0x00007ff6d5cfa000 	E:\AS2302\jbr\bin\java.exe
0x00007ffdc7750000 - 0x00007ffdc7967000 	C:\Windows\SYSTEM32\ntdll.dll
0x00007ffdc5a40000 - 0x00007ffdc5b04000 	C:\Windows\System32\KERNEL32.DLL
0x00007ffdc4a60000 - 0x00007ffdc4e17000 	C:\Windows\System32\KERNELBASE.dll
0x00007ffdc50d0000 - 0x00007ffdc51e1000 	C:\Windows\System32\ucrtbase.dll
0x00007ffd46660000 - 0x00007ffd46677000 	E:\AS2302\jbr\bin\jli.dll
0x00007ffd46320000 - 0x00007ffd4633b000 	E:\AS2302\jbr\bin\VCRUNTIME140.dll
0x00007ffdc5870000 - 0x00007ffdc5a1f000 	C:\Windows\System32\USER32.dll
0x00007ffdc5270000 - 0x00007ffdc5296000 	C:\Windows\System32\win32u.dll
0x00007ffdaced0000 - 0x00007ffdad163000 	C:\Windows\WinSxS\amd64_microsoft.windows.common-controls_6595b64144ccf1df_6.0.22621.3672_none_2713b9d173822955\COMCTL32.dll
0x00007ffdc7400000 - 0x00007ffdc7429000 	C:\Windows\System32\GDI32.dll
0x00007ffdc5b10000 - 0x00007ffdc5bb7000 	C:\Windows\System32\msvcrt.dll
0x00007ffdc4ee0000 - 0x00007ffdc4ff8000 	C:\Windows\System32\gdi32full.dll
0x00007ffdc5030000 - 0x00007ffdc50ca000 	C:\Windows\System32\msvcp_win.dll
0x00007ffdc5640000 - 0x00007ffdc5671000 	C:\Windows\System32\IMM32.DLL
0x00007ffd87020000 - 0x00007ffd8702c000 	E:\AS2302\jbr\bin\vcruntime140_1.dll
0x00007ffcced80000 - 0x00007ffccee0d000 	E:\AS2302\jbr\bin\msvcp140.dll
0x00007ffcf75a0000 - 0x00007ffcf8223000 	E:\AS2302\jbr\bin\server\jvm.dll
0x00007ffdc6e20000 - 0x00007ffdc6ed2000 	C:\Windows\System32\ADVAPI32.dll
0x00007ffdc63e0000 - 0x00007ffdc6488000 	C:\Windows\System32\sechost.dll
0x00007ffdc5000000 - 0x00007ffdc5028000 	C:\Windows\System32\bcrypt.dll
0x00007ffdc6490000 - 0x00007ffdc65a4000 	C:\Windows\System32\RPCRT4.dll
0x00007ffdbee50000 - 0x00007ffdbee59000 	C:\Windows\SYSTEM32\WSOCK32.dll
0x00007ffdc4050000 - 0x00007ffdc409d000 	C:\Windows\SYSTEM32\POWRPROF.dll
0x00007ffdc62f0000 - 0x00007ffdc6361000 	C:\Windows\System32\WS2_32.dll
0x00007ffdbbfb0000 - 0x00007ffdbbfe4000 	C:\Windows\SYSTEM32\WINMM.dll
0x00007ffdbc770000 - 0x00007ffdbc77a000 	C:\Windows\SYSTEM32\VERSION.dll
0x00007ffdc4010000 - 0x00007ffdc4023000 	C:\Windows\SYSTEM32\UMPDC.dll
0x00007ffdc3af0000 - 0x00007ffdc3b08000 	C:\Windows\SYSTEM32\kernel.appcore.dll
0x00007ffd7ea00000 - 0x00007ffd7ea0a000 	E:\AS2302\jbr\bin\jimage.dll
0x00007ffdc20d0000 - 0x00007ffdc2302000 	C:\Windows\SYSTEM32\DBGHELP.DLL
0x00007ffdc5f40000 - 0x00007ffdc62ce000 	C:\Windows\System32\combase.dll
0x00007ffdc5790000 - 0x00007ffdc5867000 	C:\Windows\System32\OLEAUT32.dll
0x00007ffdbb890000 - 0x00007ffdbb8c2000 	C:\Windows\SYSTEM32\dbgcore.DLL
0x00007ffdc51f0000 - 0x00007ffdc526b000 	C:\Windows\System32\bcryptPrimitives.dll
0x00007ffcf7570000 - 0x00007ffcf7595000 	E:\AS2302\jbr\bin\java.dll
0x00007ffd594d0000 - 0x00007ffd594e8000 	E:\AS2302\jbr\bin\zip.dll
0x00007ffdc65b0000 - 0x00007ffdc6e19000 	C:\Windows\System32\SHELL32.dll
0x00007ffdc2980000 - 0x00007ffdc327f000 	C:\Windows\SYSTEM32\windows.storage.dll
0x00007ffdc2840000 - 0x00007ffdc297f000 	C:\Windows\SYSTEM32\wintypes.dll
0x00007ffdc5690000 - 0x00007ffdc5789000 	C:\Windows\System32\SHCORE.dll
0x00007ffdc7500000 - 0x00007ffdc755e000 	C:\Windows\System32\shlwapi.dll
0x00007ffdc4990000 - 0x00007ffdc49b7000 	C:\Windows\SYSTEM32\profapi.dll
0x00007ffd59340000 - 0x00007ffd59359000 	E:\AS2302\jbr\bin\net.dll
0x00007ffdbed10000 - 0x00007ffdbee46000 	C:\Windows\SYSTEM32\WINHTTP.dll
0x00007ffdc3fa0000 - 0x00007ffdc4009000 	C:\Windows\system32\mswsock.dll
0x00007ffd582c0000 - 0x00007ffd582d6000 	E:\AS2302\jbr\bin\nio.dll
0x00007ffd7a5c0000 - 0x00007ffd7a5d0000 	E:\AS2302\jbr\bin\verify.dll

dbghelp: loaded successfully - version: 4.0.5 - missing functions: none
symbol engine: initialized successfully - sym options: 0x614 - pdb path: .;E:\AS2302\jbr\bin;C:\Windows\SYSTEM32;C:\Windows\WinSxS\amd64_microsoft.windows.common-controls_6595b64144ccf1df_6.0.22621.3672_none_2713b9d173822955;E:\AS2302\jbr\bin\server

VM Arguments:
java_command: org.jetbrains.kotlin.cli.jvm.K2JVMCompiler @C:\Users\Xiao\AndroidStudioProjects\app\app\build\20241019_17044406878796390507.compiler.options
java_class_path (initial): C:\Users\Xiao\.gradle\caches\modules-2\files-2.1\org.jetbrains.kotlin\kotlin-compiler-embeddable\1.9.0\2c8c3a7402becca891f12739b3e9fd2dc2adbd7a\kotlin-compiler-embeddable-1.9.0.jar;C:\Users\Xiao\.gradle\caches\modules-2\files-2.1\org.jetbrains.kotlin\kotlin-stdlib\1.9.0\8ee15ef0c67dc83d874f412d84378d7f0eb50b63\kotlin-stdlib-1.9.0.jar;C:\Users\Xiao\.gradle\caches\modules-2\files-2.1\org.jetbrains.kotlin\kotlin-script-runtime\1.9.0\4b3102cbbb7e1b58d9d1adf89563f00069ffa7d1\kotlin-script-runtime-1.9.0.jar;C:\Users\Xiao\.gradle\caches\modules-2\files-2.1\org.jetbrains.kotlin\kotlin-reflect\1.6.10\1cbe9c92c12a94eea200d23c2bbaedaf3daf5132\kotlin-reflect-1.6.10.jar;C:\Users\Xiao\.gradle\caches\modules-2\files-2.1\org.jetbrains.kotlin\kotlin-daemon-embeddable\1.9.0\186543f5e28cf8d9a0290fecc2cf34301c40a65c\kotlin-daemon-embeddable-1.9.0.jar;C:\Users\Xiao\.gradle\caches\modules-2\files-2.1\org.jetbrains.intellij.deps\trove4j\1.0.20200330\3afb14d5f9ceb459d724e907a21145e8ff394f02\trove4j-1.0.20200330.jar;C:\Users\Xiao\.gradle\caches\modules-2\files-2.1\org.jetbrains.kotlin\kotlin-stdlib-common\1.9.0\cd65c21cfd1eec4d44ef09f9f52b6d9f8a720636\kotlin-stdlib-common-1.9.0.jar;C:\Users\Xiao\.gradle\caches\modules-2\files-2.1\org.jetbrains\annotations\13.0\919f0dfe192fb4e063e7dacadee7f8bb9a2672a9\annotations-13.0.jar
Launcher Type: SUN_STANDARD

[Global flags]
     intx CICompilerCount                          = 12                                        {product} {ergonomic}
     uint ConcGCThreads                            = 4                                         {product} {ergonomic}
     uint G1ConcRefinementThreads                  = 15                                        {product} {ergonomic}
   size_t G1HeapRegionSize                         = 2097152                                   {product} {ergonomic}
    uintx GCDrainStackTargetSize                   = 64                                        {product} {ergonomic}
   size_t InitialHeapSize                          = 264241152                                 {product} {ergonomic}
   size_t MarkStackSize                            = 4194304                                   {product} {ergonomic}
   size_t MaxHeapSize                              = 4198498304                                {product} {ergonomic}
   size_t MaxNewSize                               = 2518679552                                {product} {ergonomic}
   size_t MinHeapDeltaBytes                        = 2097152                                   {product} {ergonomic}
   size_t MinHeapSize                              = 8388608                                   {product} {ergonomic}
    uintx NonNMethodCodeHeapSize                   = 7602480                                {pd product} {ergonomic}
    uintx NonProfiledCodeHeapSize                  = 122027880                              {pd product} {ergonomic}
    uintx ProfiledCodeHeapSize                     = 122027880                              {pd product} {ergonomic}
    uintx ReservedCodeCacheSize                    = 251658240                              {pd product} {ergonomic}
     bool SegmentedCodeCache                       = true                                      {product} {ergonomic}
   size_t SoftMaxHeapSize                          = 4198498304                             {manageable} {ergonomic}
     bool UseCompressedClassPointers               = true                           {product lp64_product} {ergonomic}
     bool UseCompressedOops                        = true                           {product lp64_product} {ergonomic}
     bool UseG1GC                                  = true                                      {product} {ergonomic}
     bool UseLargePagesIndividualAllocation        = false                                  {pd product} {ergonomic}

Logging:
Log output configuration:
 #0: stdout all=warning uptime,level,tags
 #1: stderr all=off uptime,level,tags

Environment Variables:
JAVA_HOME=C:\Program Files\Java\jdk-17
CLASSPATH=.;C:\Program Files\Java\jdk-17\lib
PATH=E:\Oracle19c_WINDOWS_X64_193000_db_home\bin;E:\Ora\bin;C:\Users\Xiao\Downloads\Oracle19c_WINDOWS_X64_193000_db_home\bin;C:\Program Files\NVIDIA GPU Computing Toolkit\CUDA\v12.1\bin;C:\Program Files\NVIDIA GPU Computing Toolkit\CUDA\v12.1\libnvvp;C:\Users\Xiao\AppData\Local\Programs\Python\Python312\Scripts\;C:\Users\Xiao\AppData\Local\Programs\Python\Python312\;C:\ProgramData\Anaconda3;C:\ProgramData\Anaconda3\Library\mingw-w64\bin;C:\ProgramData\Anaconda3\Library\usr\bin;C:\ProgramData\Anaconda3\Library\bin;C:\ProgramData\Anaconda3\Scripts;E:\Oracle\bin;C:\Program Files\Common Files\Oracle\Java\javapath;C:\Program Files\PlasticSCM5\server;C:\Program Files\PlasticSCM5\client;C:\ProgramData\Oracle\Java\javapath;C:\Windows\system32;C:\Windows;C:\Windows\System32\Wbem;C:\Windows\System32\WindowsPowerShell\v1.0\;C:\Windows\System32\OpenSSH\;C:\Program Files (x86)\NVIDIA Corporation\PhysX\Common;C:\MinGW\bin;C:\Program Files\dotnet\;C:\Program Files\Graphviz\bin;C:\Program Files\NVIDIA Corporation\Nsight Compute 2023.1.1\;C:\Program Files\NVIDIA Corporation\NVIDIA App\NvDLISR;C:\Program Files\nodejs\;C:\ProgramData\chocolatey\bin;C:\Program Files\Docker\Docker\resources\bin;C:\Users\Xiao\Desktop\;C:\mingw64\bin;C:\apache-maven-3.9.9\bin;C:\Users\Xiao\AppData\Roaming\npm;C:\Program Files\Microsoft Visual Studio\2022\Community\Common7\IDE\CommonExtensions\Microsoft\TeamFoundation\Team Explorer\Git\mingw64\bin;C:\Users\Xiao\AppData\Local\Programs\Microsoft VS Code\bin
USERNAME=Xiao
OS=Windows_NT
PROCESSOR_IDENTIFIER=Intel64 Family 6 Model 154 Stepping 3, GenuineIntel
TMP=C:\Users\Xiao\AppData\Local\Temp
TEMP=C:\Users\Xiao\AppData\Local\Temp



Periodic native trim disabled

JNI global refs:
JNI global refs: 26, weak refs: 14

JNI global refs memory usage: 843, weak refs: 841

OOME stack traces (most recent first):
Classloader memory used:
Loader jdk.internal.loader.ClassLoaders$AppClassLoader                                 : 6749K
Loader bootstrap                                                                       : 1358K
Loader java.net.URLClassLoader                                                         : 62839B
Loader jdk.internal.reflect.DelegatingClassLoader                                      : 23552B


---------------  S Y S T E M  ---------------

OS:
 Windows 11 , 64 bit Build 22621 (10.0.22621.3958)
OS uptime: 0 days 7:08 hours
Hyper-V role detected

CPU: total 20 (initial active 20) (10 cores per cpu, 2 threads per core) family 6 model 154 stepping 3 microcode 0x421, cx8, cmov, fxsr, ht, mmx, 3dnowpref, sse, sse2, sse3, ssse3, sse4.1, sse4.2, popcnt, lzcnt, tsc, tscinvbit, avx, avx2, aes, erms, clmul, bmi1, bmi2, adx, sha, fma, vzeroupper, clflush, clflushopt, clwb, hv
Processor Information for all 20 processors :
  Max Mhz: 2300, Current Mhz: 2300, Mhz Limit: 2300

Memory: 4k page, system-wide physical 16011M (2260M free)
TotalPageFile size 76011M (AvailPageFile size 3M)
current process WorkingSet (physical memory assigned to process): 408M, peak: 408M
current process commit charge ("private bytes"): 464M, peak: 466M

vm_info: OpenJDK 64-Bit Server VM (17.0.9+0--11185874) for windows-amd64 JRE (17.0.9+0--11185874), built on Dec  6 2023 18:57:44 by "androidbuild" with MS VC++ 16.10 / 16.11 (VS2019)

END.
